2018/4/8 21:49:15
未释放连接:   在 SmartFramework4v2.Data.DBConnectionBase`3..ctor(String ConnectionString)
   在 SmartFramework4v2.Data.DBConnectionBase`3..ctor()
   在 SmartFramework4v2.Data.SqlServer.DBConnection..ctor()
   在 MyJobByGps1.FluentScheduler.IJob.Execute()
   在 FluentScheduler.JobManager.<>c__12`1.<GetJobAction>b__12_0()
   在 System.Threading.Tasks.Task.InnerInvoke()
   在 System.Threading.Tasks.Task.Execute()
   在 System.Threading.Tasks.Task.ExecutionContextCallback(Object obj)
   在 System.Threading.ExecutionContext.RunInternal(ExecutionContext executionContext, ContextCallback callback, Object state, Boolean preserveSyncCtx)
   在 System.Threading.ExecutionContext.Run(ExecutionContext executionContext, ContextCallback callback, Object state, Boolean preserveSyncCtx)
   在 System.Threading.Tasks.Task.ExecuteWithThreadLocal(Task& currentTaskSlot)
   在 System.Threading.Tasks.Task.ExecuteEntry(Boolean bPreventDoubleExecution)
   在 System.Threading.Tasks.Task.System.Threading.IThreadPoolWorkItem.ExecuteWorkItem()
   在 System.Threading.ThreadPoolWorkQueue.Dispatch()
   在 System.Threading._ThreadPoolWaitCallback.PerformWaitCallback()

2018/4/17 1:12:51
未释放连接:   在 SmartFramework4v2.Data.DBConnectionBase`3..ctor(String ConnectionString)
   在 SmartFramework4v2.Data.DBConnectionBase`3..ctor()
   在 SmartFramework4v2.Data.SqlServer.DBConnection..ctor()
   在 MyJobByGps1.FluentScheduler.IJob.Execute()
   在 FluentScheduler.JobManager.<>c__12`1.<GetJobAction>b__12_0()
   在 System.Threading.Tasks.Task.InnerInvoke()
   在 System.Threading.Tasks.Task.Execute()
   在 System.Threading.Tasks.Task.ExecutionContextCallback(Object obj)
   在 System.Threading.ExecutionContext.RunInternal(ExecutionContext executionContext, ContextCallback callback, Object state, Boolean preserveSyncCtx)
   在 System.Threading.ExecutionContext.Run(ExecutionContext executionContext, ContextCallback callback, Object state, Boolean preserveSyncCtx)
   在 System.Threading.Tasks.Task.ExecuteWithThreadLocal(Task& currentTaskSlot)
   在 System.Threading.Tasks.Task.ExecuteEntry(Boolean bPreventDoubleExecution)
   在 System.Threading.Tasks.ThreadPoolTaskScheduler.TryExecuteTaskInline(Task task, Boolean taskWasPreviouslyQueued)
   在 System.Threading.Tasks.TaskScheduler.TryRunInline(Task task, Boolean taskWasPreviouslyQueued)
   在 System.Threading.Tasks.Task.WrappedTryRunInline()
   在 System.Threading.Tasks.Task.InternalWait(Int32 millisecondsTimeout, CancellationToken cancellationToken)
   在 System.Threading.Tasks.Task.Wait(Int32 millisecondsTimeout, CancellationToken cancellationToken)
   在 FluentScheduler.JobManager.<>c.<RunJob>b__43_2(Action action)
   在 System.Collections.Generic.List`1.ForEach(Action`1 action)
   在 FluentScheduler.JobManager.<>c__DisplayClass43_0.<RunJob>b__1()
   在 System.Threading.Tasks.Task.InnerInvoke()
   在 System.Threading.Tasks.Task.Execute()
   在 System.Threading.Tasks.Task.ExecutionContextCallback(Object obj)
   在 System.Threading.ExecutionContext.RunInternal(ExecutionContext executionContext, ContextCallback callback, Object state, Boolean preserveSyncCtx)
   在 System.Threading.ExecutionContext.Run(ExecutionContext executionContext, ContextCallback callback, Object state, Boolean preserveSyncCtx)
   在 System.Threading.Tasks.Task.ExecuteWithThreadLocal(Task& currentTaskSlot)
   在 System.Threading.Tasks.Task.ExecuteEntry(Boolean bPreventDoubleExecution)
   在 System.Threading.Tasks.Task.System.Threading.IThreadPoolWorkItem.ExecuteWorkItem()
   在 System.Threading.ThreadPoolWorkQueue.Dispatch()
   在 System.Threading._ThreadPoolWaitCallback.PerformWaitCallback()

2018/4/19 21:04:07
未释放连接:   在 SmartFramework4v2.Data.DBConnectionBase`3..ctor(String ConnectionString)
   在 SmartFramework4v2.Data.DBConnectionBase`3..ctor()
   在 SmartFramework4v2.Data.SqlServer.DBConnection..ctor()
   在 MyGpsDistanceJob.FluentScheduler.IJob.Execute()
   在 FluentScheduler.JobManager.<>c__12`1.<GetJobAction>b__12_0()
   在 System.Threading.Tasks.Task.InnerInvoke()
   在 System.Threading.Tasks.Task.Execute()
   在 System.Threading.Tasks.Task.ExecutionContextCallback(Object obj)
   在 System.Threading.ExecutionContext.RunInternal(ExecutionContext executionContext, ContextCallback callback, Object state, Boolean preserveSyncCtx)
   在 System.Threading.ExecutionContext.Run(ExecutionContext executionContext, ContextCallback callback, Object state, Boolean preserveSyncCtx)
   在 System.Threading.Tasks.Task.ExecuteWithThreadLocal(Task& currentTaskSlot)
   在 System.Threading.Tasks.Task.ExecuteEntry(Boolean bPreventDoubleExecution)
   在 System.Threading.Tasks.ThreadPoolTaskScheduler.TryExecuteTaskInline(Task task, Boolean taskWasPreviouslyQueued)
   在 System.Threading.Tasks.TaskScheduler.TryRunInline(Task task, Boolean taskWasPreviouslyQueued)
   在 System.Threading.Tasks.Task.WrappedTryRunInline()
   在 System.Threading.Tasks.Task.InternalWait(Int32 millisecondsTimeout, CancellationToken cancellationToken)
   在 System.Threading.Tasks.Task.Wait(Int32 millisecondsTimeout, CancellationToken cancellationToken)
   在 System.Threading.Tasks.Task.Wait()
   在 FluentScheduler.JobManager.<>c.<RunJob>b__43_2(Action action)
   在 System.Collections.Generic.List`1.ForEach(Action`1 action)
   在 FluentScheduler.JobManager.<>c__DisplayClass43_0.<RunJob>b__1()
   在 System.Threading.Tasks.Task.InnerInvoke()
   在 System.Threading.Tasks.Task.Execute()
   在 System.Threading.Tasks.Task.ExecutionContextCallback(Object obj)
   在 System.Threading.ExecutionContext.RunInternal(ExecutionContext executionContext, ContextCallback callback, Object state, Boolean preserveSyncCtx)
   在 System.Threading.ExecutionContext.Run(ExecutionContext executionContext, ContextCallback callback, Object state, Boolean preserveSyncCtx)
   在 System.Threading.Tasks.Task.ExecuteWithThreadLocal(Task& currentTaskSlot)
   在 System.Threading.Tasks.Task.ExecuteEntry(Boolean bPreventDoubleExecution)
   在 System.Threading.Tasks.Task.System.Threading.IThreadPoolWorkItem.ExecuteWorkItem()
   在 System.Threading.ThreadPoolWorkQueue.Dispatch()
   在 System.Threading._ThreadPoolWaitCallback.PerformWaitCallback()

2018/4/19 21:17:36
未释放连接:   在 SmartFramework4v2.Data.DBConnectionBase`3..ctor(String ConnectionString)
   在 SmartFramework4v2.Data.DBConnectionBase`3..ctor()
   在 SmartFramework4v2.Data.SqlServer.DBConnection..ctor()
   在 MyJobByGps1.FluentScheduler.IJob.Execute()
   在 FluentScheduler.JobManager.<>c__12`1.<GetJobAction>b__12_0()
   在 System.Threading.Tasks.Task.InnerInvoke()
   在 System.Threading.Tasks.Task.Execute()
   在 System.Threading.Tasks.Task.ExecutionContextCallback(Object obj)
   在 System.Threading.ExecutionContext.RunInternal(ExecutionContext executionContext, ContextCallback callback, Object state, Boolean preserveSyncCtx)
   在 System.Threading.ExecutionContext.Run(ExecutionContext executionContext, ContextCallback callback, Object state, Boolean preserveSyncCtx)
   在 System.Threading.Tasks.Task.ExecuteWithThreadLocal(Task& currentTaskSlot)
   在 System.Threading.Tasks.Task.ExecuteEntry(Boolean bPreventDoubleExecution)
   在 System.Threading.Tasks.ThreadPoolTaskScheduler.TryExecuteTaskInline(Task task, Boolean taskWasPreviouslyQueued)
   在 System.Threading.Tasks.TaskScheduler.TryRunInline(Task task, Boolean taskWasPreviouslyQueued)
   在 System.Threading.Tasks.Task.WrappedTryRunInline()
   在 System.Threading.Tasks.Task.InternalWait(Int32 millisecondsTimeout, CancellationToken cancellationToken)
   在 System.Threading.Tasks.Task.Wait(Int32 millisecondsTimeout, CancellationToken cancellationToken)
   在 System.Threading.Tasks.Task.Wait()
   在 FluentScheduler.JobManager.<>c.<RunJob>b__43_2(Action action)
   在 System.Collections.Generic.List`1.ForEach(Action`1 action)
   在 FluentScheduler.JobManager.<>c__DisplayClass43_0.<RunJob>b__1()
   在 System.Threading.Tasks.Task.InnerInvoke()
   在 System.Threading.Tasks.Task.Execute()
   在 System.Threading.Tasks.Task.ExecutionContextCallback(Object obj)
   在 System.Threading.ExecutionContext.RunInternal(ExecutionContext executionContext, ContextCallback callback, Object state, Boolean preserveSyncCtx)
   在 System.Threading.ExecutionContext.Run(ExecutionContext executionContext, ContextCallback callback, Object state, Boolean preserveSyncCtx)
   在 System.Threading.Tasks.Task.ExecuteWithThreadLocal(Task& currentTaskSlot)
   在 System.Threading.Tasks.Task.ExecuteEntry(Boolean bPreventDoubleExecution)
   在 System.Threading.Tasks.Task.System.Threading.IThreadPoolWorkItem.ExecuteWorkItem()
   在 System.Threading.ThreadPoolWorkQueue.Dispatch()
   在 System.Threading._ThreadPoolWaitCallback.PerformWaitCallback()

2018/4/19 21:18:45
未释放连接:   在 SmartFramework4v2.Data.DBConnectionBase`3..ctor(String ConnectionString)
   在 SmartFramework4v2.Data.DBConnectionBase`3..ctor()
   在 SmartFramework4v2.Data.SqlServer.DBConnection..ctor()
   在 MyJobByGps1.FluentScheduler.IJob.Execute()
   在 FluentScheduler.JobManager.<>c__12`1.<GetJobAction>b__12_0()
   在 System.Threading.Tasks.Task.InnerInvoke()
   在 System.Threading.Tasks.Task.Execute()
   在 System.Threading.Tasks.Task.ExecutionContextCallback(Object obj)
   在 System.Threading.ExecutionContext.RunInternal(ExecutionContext executionContext, ContextCallback callback, Object state, Boolean preserveSyncCtx)
   在 System.Threading.ExecutionContext.Run(ExecutionContext executionContext, ContextCallback callback, Object state, Boolean preserveSyncCtx)
   在 System.Threading.Tasks.Task.ExecuteWithThreadLocal(Task& currentTaskSlot)
   在 System.Threading.Tasks.Task.ExecuteEntry(Boolean bPreventDoubleExecution)
   在 System.Threading.Tasks.ThreadPoolTaskScheduler.TryExecuteTaskInline(Task task, Boolean taskWasPreviouslyQueued)
   在 System.Threading.Tasks.TaskScheduler.TryRunInline(Task task, Boolean taskWasPreviouslyQueued)
   在 System.Threading.Tasks.Task.WrappedTryRunInline()
   在 System.Threading.Tasks.Task.InternalWait(Int32 millisecondsTimeout, CancellationToken cancellationToken)
   在 System.Threading.Tasks.Task.Wait(Int32 millisecondsTimeout, CancellationToken cancellationToken)
   在 FluentScheduler.JobManager.<>c.<RunJob>b__43_2(Action action)
   在 System.Collections.Generic.List`1.ForEach(Action`1 action)
   在 FluentScheduler.JobManager.<>c__DisplayClass43_0.<RunJob>b__1()
   在 System.Threading.Tasks.Task.InnerInvoke()
   在 System.Threading.Tasks.Task.Execute()
   在 System.Threading.Tasks.Task.ExecutionContextCallback(Object obj)
   在 System.Threading.ExecutionContext.RunInternal(ExecutionContext executionContext, ContextCallback callback, Object state, Boolean preserveSyncCtx)
   在 System.Threading.ExecutionContext.Run(ExecutionContext executionContext, ContextCallback callback, Object state, Boolean preserveSyncCtx)
   在 System.Threading.Tasks.Task.ExecuteWithThreadLocal(Task& currentTaskSlot)
   在 System.Threading.Tasks.Task.ExecuteEntry(Boolean bPreventDoubleExecution)
   在 System.Threading.Tasks.Task.System.Threading.IThreadPoolWorkItem.ExecuteWorkItem()
   在 System.Threading.ThreadPoolWorkQueue.Dispatch()
   在 System.Threading._ThreadPoolWaitCallback.PerformWaitCallback()

2018/4/19 21:26:56
未释放连接:   在 SmartFramework4v2.Data.DBConnectionBase`3..ctor(String ConnectionString)
   在 SmartFramework4v2.Data.DBConnectionBase`3..ctor()
   在 SmartFramework4v2.Data.SqlServer.DBConnection..ctor()
   在 MyJob.FluentScheduler.IJob.Execute()
   在 FluentScheduler.JobManager.<>c__12`1.<GetJobAction>b__12_0()
   在 System.Threading.Tasks.Task.InnerInvoke()
   在 System.Threading.Tasks.Task.Execute()
   在 System.Threading.Tasks.Task.ExecutionContextCallback(Object obj)
   在 System.Threading.ExecutionContext.RunInternal(ExecutionContext executionContext, ContextCallback callback, Object state, Boolean preserveSyncCtx)
   在 System.Threading.ExecutionContext.Run(ExecutionContext executionContext, ContextCallback callback, Object state, Boolean preserveSyncCtx)
   在 System.Threading.Tasks.Task.ExecuteWithThreadLocal(Task& currentTaskSlot)
   在 System.Threading.Tasks.Task.ExecuteEntry(Boolean bPreventDoubleExecution)
   在 System.Threading.Tasks.ThreadPoolTaskScheduler.TryExecuteTaskInline(Task task, Boolean taskWasPreviouslyQueued)
   在 System.Threading.Tasks.TaskScheduler.TryRunInline(Task task, Boolean taskWasPreviouslyQueued)
   在 System.Threading.Tasks.Task.WrappedTryRunInline()
   在 System.Threading.Tasks.Task.InternalWait(Int32 millisecondsTimeout, CancellationToken cancellationToken)
   在 System.Threading.Tasks.Task.Wait(Int32 millisecondsTimeout, CancellationToken cancellationToken)
   在 FluentScheduler.JobManager.<>c.<RunJob>b__43_2(Action action)
   在 System.Collections.Generic.List`1.ForEach(Action`1 action)
   在 FluentScheduler.JobManager.<>c__DisplayClass43_0.<RunJob>b__1()
   在 System.Threading.Tasks.Task.InnerInvoke()
   在 System.Threading.Tasks.Task.Execute()
   在 System.Threading.Tasks.Task.ExecutionContextCallback(Object obj)
   在 System.Threading.ExecutionContext.RunInternal(ExecutionContext executionContext, ContextCallback callback, Object state, Boolean preserveSyncCtx)
   在 System.Threading.ExecutionContext.Run(ExecutionContext executionContext, ContextCallback callback, Object state, Boolean preserveSyncCtx)
   在 System.Threading.Tasks.Task.ExecuteWithThreadLocal(Task& currentTaskSlot)
   在 System.Threading.Tasks.Task.ExecuteEntry(Boolean bPreventDoubleExecution)
   在 System.Threading.Tasks.Task.System.Threading.IThreadPoolWorkItem.ExecuteWorkItem()
   在 System.Threading.ThreadPoolWorkQueue.Dispatch()
   在 System.Threading._ThreadPoolWaitCallback.PerformWaitCallback()

2018/4/19 21:30:11
未释放连接:   在 SmartFramework4v2.Data.DBConnectionBase`3..ctor(String ConnectionString)
   在 SmartFramework4v2.Data.DBConnectionBase`3..ctor()
   在 SmartFramework4v2.Data.SqlServer.DBConnection..ctor()
   在 MyGpsDistanceJob.FluentScheduler.IJob.Execute()
   在 FluentScheduler.JobManager.<>c__12`1.<GetJobAction>b__12_0()
   在 System.Threading.Tasks.Task.InnerInvoke()
   在 System.Threading.Tasks.Task.Execute()
   在 System.Threading.Tasks.Task.ExecutionContextCallback(Object obj)
   在 System.Threading.ExecutionContext.RunInternal(ExecutionContext executionContext, ContextCallback callback, Object state, Boolean preserveSyncCtx)
   在 System.Threading.ExecutionContext.Run(ExecutionContext executionContext, ContextCallback callback, Object state, Boolean preserveSyncCtx)
   在 System.Threading.Tasks.Task.ExecuteWithThreadLocal(Task& currentTaskSlot)
   在 System.Threading.Tasks.Task.ExecuteEntry(Boolean bPreventDoubleExecution)
   在 System.Threading.Tasks.ThreadPoolTaskScheduler.TryExecuteTaskInline(Task task, Boolean taskWasPreviouslyQueued)
   在 System.Threading.Tasks.TaskScheduler.TryRunInline(Task task, Boolean taskWasPreviouslyQueued)
   在 System.Threading.Tasks.Task.WrappedTryRunInline()
   在 System.Threading.Tasks.Task.InternalWait(Int32 millisecondsTimeout, CancellationToken cancellationToken)
   在 System.Threading.Tasks.Task.Wait(Int32 millisecondsTimeout, CancellationToken cancellationToken)
   在 FluentScheduler.JobManager.<>c.<RunJob>b__43_2(Action action)
   在 System.Collections.Generic.List`1.ForEach(Action`1 action)
   在 FluentScheduler.JobManager.<>c__DisplayClass43_0.<RunJob>b__1()
   在 System.Threading.Tasks.Task.InnerInvoke()
   在 System.Threading.Tasks.Task.Execute()
   在 System.Threading.Tasks.Task.ExecutionContextCallback(Object obj)
   在 System.Threading.ExecutionContext.RunInternal(ExecutionContext executionContext, ContextCallback callback, Object state, Boolean preserveSyncCtx)
   在 System.Threading.ExecutionContext.Run(ExecutionContext executionContext, ContextCallback callback, Object state, Boolean preserveSyncCtx)
   在 System.Threading.Tasks.Task.ExecuteWithThreadLocal(Task& currentTaskSlot)
   在 System.Threading.Tasks.Task.ExecuteEntry(Boolean bPreventDoubleExecution)
   在 System.Threading.Tasks.Task.System.Threading.IThreadPoolWorkItem.ExecuteWorkItem()
   在 System.Threading.ThreadPoolWorkQueue.Dispatch()
   在 System.Threading._ThreadPoolWaitCallback.PerformWaitCallback()

2018/4/19 21:34:46
未释放连接:   在 SmartFramework4v2.Data.DBConnectionBase`3..ctor(String ConnectionString)
   在 SmartFramework4v2.Data.DBConnectionBase`3..ctor()
   在 SmartFramework4v2.Data.SqlServer.DBConnection..ctor()
   在 MyJobByGps1.FluentScheduler.IJob.Execute()
   在 FluentScheduler.JobManager.<>c__12`1.<GetJobAction>b__12_0()
   在 System.Threading.Tasks.Task.InnerInvoke()
   在 System.Threading.Tasks.Task.Execute()
   在 System.Threading.Tasks.Task.ExecutionContextCallback(Object obj)
   在 System.Threading.ExecutionContext.RunInternal(ExecutionContext executionContext, ContextCallback callback, Object state, Boolean preserveSyncCtx)
   在 System.Threading.ExecutionContext.Run(ExecutionContext executionContext, ContextCallback callback, Object state, Boolean preserveSyncCtx)
   在 System.Threading.Tasks.Task.ExecuteWithThreadLocal(Task& currentTaskSlot)
   在 System.Threading.Tasks.Task.ExecuteEntry(Boolean bPreventDoubleExecution)
   在 System.Threading.Tasks.ThreadPoolTaskScheduler.TryExecuteTaskInline(Task task, Boolean taskWasPreviouslyQueued)
   在 System.Threading.Tasks.TaskScheduler.TryRunInline(Task task, Boolean taskWasPreviouslyQueued)
   在 System.Threading.Tasks.Task.WrappedTryRunInline()
   在 System.Threading.Tasks.Task.InternalWait(Int32 millisecondsTimeout, CancellationToken cancellationToken)
   在 System.Threading.Tasks.Task.Wait(Int32 millisecondsTimeout, CancellationToken cancellationToken)
   在 FluentScheduler.JobManager.<>c.<RunJob>b__43_2(Action action)
   在 System.Collections.Generic.List`1.ForEach(Action`1 action)
   在 FluentScheduler.JobManager.<>c__DisplayClass43_0.<RunJob>b__1()
   在 System.Threading.Tasks.Task.InnerInvoke()
   在 System.Threading.Tasks.Task.Execute()
   在 System.Threading.Tasks.Task.ExecutionContextCallback(Object obj)
   在 System.Threading.ExecutionContext.RunInternal(ExecutionContext executionContext, ContextCallback callback, Object state, Boolean preserveSyncCtx)
   在 System.Threading.ExecutionContext.Run(ExecutionContext executionContext, ContextCallback callback, Object state, Boolean preserveSyncCtx)
   在 System.Threading.Tasks.Task.ExecuteWithThreadLocal(Task& currentTaskSlot)
   在 System.Threading.Tasks.Task.ExecuteEntry(Boolean bPreventDoubleExecution)
   在 System.Threading.Tasks.Task.System.Threading.IThreadPoolWorkItem.ExecuteWorkItem()
   在 System.Threading.ThreadPoolWorkQueue.Dispatch()
   在 System.Threading._ThreadPoolWaitCallback.PerformWaitCallback()

2018/4/19 21:47:01
未释放连接:   在 SmartFramework4v2.Data.DBConnectionBase`3..ctor(String ConnectionString)
   在 SmartFramework4v2.Data.DBConnectionBase`3..ctor()
   在 SmartFramework4v2.Data.SqlServer.DBConnection..ctor()
   在 MyJobByGps1.FluentScheduler.IJob.Execute()
   在 FluentScheduler.JobManager.<>c__12`1.<GetJobAction>b__12_0()
   在 System.Threading.Tasks.Task.InnerInvoke()
   在 System.Threading.Tasks.Task.Execute()
   在 System.Threading.Tasks.Task.ExecutionContextCallback(Object obj)
   在 System.Threading.ExecutionContext.RunInternal(ExecutionContext executionContext, ContextCallback callback, Object state, Boolean preserveSyncCtx)
   在 System.Threading.ExecutionContext.Run(ExecutionContext executionContext, ContextCallback callback, Object state, Boolean preserveSyncCtx)
   在 System.Threading.Tasks.Task.ExecuteWithThreadLocal(Task& currentTaskSlot)
   在 System.Threading.Tasks.Task.ExecuteEntry(Boolean bPreventDoubleExecution)
   在 System.Threading.Tasks.ThreadPoolTaskScheduler.TryExecuteTaskInline(Task task, Boolean taskWasPreviouslyQueued)
   在 System.Threading.Tasks.TaskScheduler.TryRunInline(Task task, Boolean taskWasPreviouslyQueued)
   在 System.Threading.Tasks.Task.WrappedTryRunInline()
   在 System.Threading.Tasks.Task.InternalWait(Int32 millisecondsTimeout, CancellationToken cancellationToken)
   在 System.Threading.Tasks.Task.Wait(Int32 millisecondsTimeout, CancellationToken cancellationToken)
   在 FluentScheduler.JobManager.<>c.<RunJob>b__43_2(Action action)
   在 System.Collections.Generic.List`1.ForEach(Action`1 action)
   在 FluentScheduler.JobManager.<>c__DisplayClass43_0.<RunJob>b__1()
   在 System.Threading.Tasks.Task.InnerInvoke()
   在 System.Threading.Tasks.Task.Execute()
   在 System.Threading.Tasks.Task.ExecutionContextCallback(Object obj)
   在 System.Threading.ExecutionContext.RunInternal(ExecutionContext executionContext, ContextCallback callback, Object state, Boolean preserveSyncCtx)
   在 System.Threading.ExecutionContext.Run(ExecutionContext executionContext, ContextCallback callback, Object state, Boolean preserveSyncCtx)
   在 System.Threading.Tasks.Task.ExecuteWithThreadLocal(Task& currentTaskSlot)
   在 System.Threading.Tasks.Task.ExecuteEntry(Boolean bPreventDoubleExecution)
   在 System.Threading.Tasks.Task.System.Threading.IThreadPoolWorkItem.ExecuteWorkItem()
   在 System.Threading.ThreadPoolWorkQueue.Dispatch()
   在 System.Threading._ThreadPoolWaitCallback.PerformWaitCallback()

2018/4/19 22:01:48
未释放连接:   在 SmartFramework4v2.Data.DBConnectionBase`3..ctor(String ConnectionString)
   在 SmartFramework4v2.Data.DBConnectionBase`3..ctor()
   在 SmartFramework4v2.Data.SqlServer.DBConnection..ctor()
   在 MyJobByGps1.FluentScheduler.IJob.Execute()
   在 FluentScheduler.JobManager.<>c__12`1.<GetJobAction>b__12_0()
   在 System.Threading.Tasks.Task.InnerInvoke()
   在 System.Threading.Tasks.Task.Execute()
   在 System.Threading.Tasks.Task.ExecutionContextCallback(Object obj)
   在 System.Threading.ExecutionContext.RunInternal(ExecutionContext executionContext, ContextCallback callback, Object state, Boolean preserveSyncCtx)
   在 System.Threading.ExecutionContext.Run(ExecutionContext executionContext, ContextCallback callback, Object state, Boolean preserveSyncCtx)
   在 System.Threading.Tasks.Task.ExecuteWithThreadLocal(Task& currentTaskSlot)
   在 System.Threading.Tasks.Task.ExecuteEntry(Boolean bPreventDoubleExecution)
   在 System.Threading.Tasks.ThreadPoolTaskScheduler.TryExecuteTaskInline(Task task, Boolean taskWasPreviouslyQueued)
   在 System.Threading.Tasks.TaskScheduler.TryRunInline(Task task, Boolean taskWasPreviouslyQueued)
   在 System.Threading.Tasks.Task.WrappedTryRunInline()
   在 System.Threading.Tasks.Task.InternalWait(Int32 millisecondsTimeout, CancellationToken cancellationToken)
   在 System.Threading.Tasks.Task.Wait(Int32 millisecondsTimeout, CancellationToken cancellationToken)
   在 FluentScheduler.JobManager.<>c.<RunJob>b__43_2(Action action)
   在 System.Collections.Generic.List`1.ForEach(Action`1 action)
   在 FluentScheduler.JobManager.<>c__DisplayClass43_0.<RunJob>b__1()
   在 System.Threading.Tasks.Task.InnerInvoke()
   在 System.Threading.Tasks.Task.Execute()
   在 System.Threading.Tasks.Task.ExecutionContextCallback(Object obj)
   在 System.Threading.ExecutionContext.RunInternal(ExecutionContext executionContext, ContextCallback callback, Object state, Boolean preserveSyncCtx)
   在 System.Threading.ExecutionContext.Run(ExecutionContext executionContext, ContextCallback callback, Object state, Boolean preserveSyncCtx)
   在 System.Threading.Tasks.Task.ExecuteWithThreadLocal(Task& currentTaskSlot)
   在 System.Threading.Tasks.Task.ExecuteEntry(Boolean bPreventDoubleExecution)
   在 System.Threading.Tasks.Task.System.Threading.IThreadPoolWorkItem.ExecuteWorkItem()
   在 System.Threading.ThreadPoolWorkQueue.Dispatch()
   在 System.Threading._ThreadPoolWaitCallback.PerformWaitCallback()

2018/4/19 22:10:50
未释放连接:   在 SmartFramework4v2.Data.DBConnectionBase`3..ctor(String ConnectionString)
   在 SmartFramework4v2.Data.DBConnectionBase`3..ctor()
   在 SmartFramework4v2.Data.SqlServer.DBConnection..ctor()
   在 MyJobByGps1.FluentScheduler.IJob.Execute()
   在 FluentScheduler.JobManager.<>c__12`1.<GetJobAction>b__12_0()
   在 System.Threading.Tasks.Task.InnerInvoke()
   在 System.Threading.Tasks.Task.Execute()
   在 System.Threading.Tasks.Task.ExecutionContextCallback(Object obj)
   在 System.Threading.ExecutionContext.RunInternal(ExecutionContext executionContext, ContextCallback callback, Object state, Boolean preserveSyncCtx)
   在 System.Threading.ExecutionContext.Run(ExecutionContext executionContext, ContextCallback callback, Object state, Boolean preserveSyncCtx)
   在 System.Threading.Tasks.Task.ExecuteWithThreadLocal(Task& currentTaskSlot)
   在 System.Threading.Tasks.Task.ExecuteEntry(Boolean bPreventDoubleExecution)
   在 System.Threading.Tasks.Task.System.Threading.IThreadPoolWorkItem.ExecuteWorkItem()
   在 System.Threading.ThreadPoolWorkQueue.Dispatch()
   在 System.Threading._ThreadPoolWaitCallback.PerformWaitCallback()

2018/4/19 22:17:10
未释放连接:   在 SmartFramework4v2.Data.DBConnectionBase`3..ctor(String ConnectionString)
   在 SmartFramework4v2.Data.SqlServer.DBConnection..ctor()
   在 MyJobByGps1.FluentScheduler.IJob.Execute()
   在 FluentScheduler.JobManager.<>c__12`1.<GetJobAction>b__12_0()
   在 System.Threading.Tasks.Task.InnerInvoke()
   在 System.Threading.Tasks.Task.Execute()
   在 System.Threading.Tasks.Task.ExecutionContextCallback(Object obj)
   在 System.Threading.ExecutionContext.RunInternal(ExecutionContext executionContext, ContextCallback callback, Object state, Boolean preserveSyncCtx)
   在 System.Threading.ExecutionContext.Run(ExecutionContext executionContext, ContextCallback callback, Object state, Boolean preserveSyncCtx)
   在 System.Threading.Tasks.Task.ExecuteWithThreadLocal(Task& currentTaskSlot)
   在 System.Threading.Tasks.Task.ExecuteEntry(Boolean bPreventDoubleExecution)
   在 System.Threading.Tasks.ThreadPoolTaskScheduler.TryExecuteTaskInline(Task task, Boolean taskWasPreviouslyQueued)
   在 System.Threading.Tasks.TaskScheduler.TryRunInline(Task task, Boolean taskWasPreviouslyQueued)
   在 System.Threading.Tasks.Task.WrappedTryRunInline()
   在 System.Threading.Tasks.Task.InternalWait(Int32 millisecondsTimeout, CancellationToken cancellationToken)
   在 System.Threading.Tasks.Task.Wait(Int32 millisecondsTimeout, CancellationToken cancellationToken)
   在 FluentScheduler.JobManager.<>c.<RunJob>b__43_2(Action action)
   在 System.Collections.Generic.List`1.ForEach(Action`1 action)
   在 FluentScheduler.JobManager.<>c__DisplayClass43_0.<RunJob>b__1()
   在 System.Threading.Tasks.Task.InnerInvoke()
   在 System.Threading.Tasks.Task.Execute()
   在 System.Threading.Tasks.Task.ExecutionContextCallback(Object obj)
   在 System.Threading.ExecutionContext.RunInternal(ExecutionContext executionContext, ContextCallback callback, Object state, Boolean preserveSyncCtx)
   在 System.Threading.ExecutionContext.Run(ExecutionContext executionContext, ContextCallback callback, Object state, Boolean preserveSyncCtx)
   在 System.Threading.Tasks.Task.ExecuteWithThreadLocal(Task& currentTaskSlot)
   在 System.Threading.Tasks.Task.ExecuteEntry(Boolean bPreventDoubleExecution)
   在 System.Threading.Tasks.Task.System.Threading.IThreadPoolWorkItem.ExecuteWorkItem()
   在 System.Threading.ThreadPoolWorkQueue.Dispatch()
   在 System.Threading._ThreadPoolWaitCallback.PerformWaitCallback()

2018/4/20 19:07:33
未释放连接:   在 SmartFramework4v2.Data.DBConnectionBase`3..ctor(String ConnectionString)
   在 SmartFramework4v2.Data.DBConnectionBase`3..ctor()
   在 SmartFramework4v2.Data.SqlServer.DBConnection..ctor()
   在 MyJobByGps1.FluentScheduler.IJob.Execute()
   在 FluentScheduler.JobManager.<>c__12`1.<GetJobAction>b__12_0()
   在 System.Threading.Tasks.Task.InnerInvoke()
   在 System.Threading.Tasks.Task.Execute()
   在 System.Threading.Tasks.Task.ExecutionContextCallback(Object obj)
   在 System.Threading.ExecutionContext.RunInternal(ExecutionContext executionContext, ContextCallback callback, Object state, Boolean preserveSyncCtx)
   在 System.Threading.ExecutionContext.Run(ExecutionContext executionContext, ContextCallback callback, Object state, Boolean preserveSyncCtx)
   在 System.Threading.Tasks.Task.ExecuteWithThreadLocal(Task& currentTaskSlot)
   在 System.Threading.Tasks.Task.ExecuteEntry(Boolean bPreventDoubleExecution)
   在 System.Threading.Tasks.ThreadPoolTaskScheduler.TryExecuteTaskInline(Task task, Boolean taskWasPreviouslyQueued)
   在 System.Threading.Tasks.TaskScheduler.TryRunInline(Task task, Boolean taskWasPreviouslyQueued)
   在 System.Threading.Tasks.Task.WrappedTryRunInline()
   在 System.Threading.Tasks.Task.InternalWait(Int32 millisecondsTimeout, CancellationToken cancellationToken)
   在 System.Threading.Tasks.Task.Wait(Int32 millisecondsTimeout, CancellationToken cancellationToken)
   在 FluentScheduler.JobManager.<>c.<RunJob>b__43_2(Action action)
   在 System.Collections.Generic.List`1.ForEach(Action`1 action)
   在 FluentScheduler.JobManager.<>c__DisplayClass43_0.<RunJob>b__1()
   在 System.Threading.Tasks.Task.InnerInvoke()
   在 System.Threading.Tasks.Task.Execute()
   在 System.Threading.Tasks.Task.ExecutionContextCallback(Object obj)
   在 System.Threading.ExecutionContext.RunInternal(ExecutionContext executionContext, ContextCallback callback, Object state, Boolean preserveSyncCtx)
   在 System.Threading.ExecutionContext.Run(ExecutionContext executionContext, ContextCallback callback, Object state, Boolean preserveSyncCtx)
   在 System.Threading.Tasks.Task.ExecuteWithThreadLocal(Task& currentTaskSlot)
   在 System.Threading.Tasks.Task.ExecuteEntry(Boolean bPreventDoubleExecution)
   在 System.Threading.Tasks.Task.System.Threading.IThreadPoolWorkItem.ExecuteWorkItem()
   在 System.Threading.ThreadPoolWorkQueue.Dispatch()
   在 System.Threading._ThreadPoolWaitCallback.PerformWaitCallback()

2018/5/14 19:07:11
未释放连接:   在 SmartFramework4v2.Data.DBConnectionBase`3..ctor(String ConnectionString)
   在 SmartFramework4v2.Data.DBConnectionBase`3..ctor()
   在 SmartFramework4v2.Data.SqlServer.DBConnection..ctor()
   在 MyJobByGps2.FluentScheduler.IJob.Execute()
   在 FluentScheduler.JobManager.<>c__12`1.<GetJobAction>b__12_0()
   在 System.Threading.Tasks.Task.InnerInvoke()
   在 System.Threading.Tasks.Task.Execute()
   在 System.Threading.Tasks.Task.ExecutionContextCallback(Object obj)
   在 System.Threading.ExecutionContext.RunInternal(ExecutionContext executionContext, ContextCallback callback, Object state, Boolean preserveSyncCtx)
   在 System.Threading.ExecutionContext.Run(ExecutionContext executionContext, ContextCallback callback, Object state, Boolean preserveSyncCtx)
   在 System.Threading.Tasks.Task.ExecuteWithThreadLocal(Task& currentTaskSlot)
   在 System.Threading.Tasks.Task.ExecuteEntry(Boolean bPreventDoubleExecution)
   在 System.Threading.Tasks.Task.System.Threading.IThreadPoolWorkItem.ExecuteWorkItem()
   在 System.Threading.ThreadPoolWorkQueue.Dispatch()
   在 System.Threading._ThreadPoolWaitCallback.PerformWaitCallback()

2018/5/14 19:07:12
未释放连接:   在 SmartFramework4v2.Data.DBConnectionBase`3..ctor(String ConnectionString)
   在 SmartFramework4v2.Data.DBConnectionBase`3..ctor()
   在 SmartFramework4v2.Data.SqlServer.DBConnection..ctor()
   在 MyJobByGps2.FluentScheduler.IJob.Execute()
   在 FluentScheduler.JobManager.<>c__12`1.<GetJobAction>b__12_0()
   在 System.Threading.Tasks.Task.InnerInvoke()
   在 System.Threading.Tasks.Task.Execute()
   在 System.Threading.Tasks.Task.ExecutionContextCallback(Object obj)
   在 System.Threading.ExecutionContext.RunInternal(ExecutionContext executionContext, ContextCallback callback, Object state, Boolean preserveSyncCtx)
   在 System.Threading.ExecutionContext.Run(ExecutionContext executionContext, ContextCallback callback, Object state, Boolean preserveSyncCtx)
   在 System.Threading.Tasks.Task.ExecuteWithThreadLocal(Task& currentTaskSlot)
   在 System.Threading.Tasks.Task.ExecuteEntry(Boolean bPreventDoubleExecution)
   在 System.Threading.Tasks.ThreadPoolTaskScheduler.TryExecuteTaskInline(Task task, Boolean taskWasPreviouslyQueued)
   在 System.Threading.Tasks.TaskScheduler.TryRunInline(Task task, Boolean taskWasPreviouslyQueued)
   在 System.Threading.Tasks.Task.WrappedTryRunInline()
   在 System.Threading.Tasks.Task.InternalWait(Int32 millisecondsTimeout, CancellationToken cancellationToken)
   在 System.Threading.Tasks.Task.Wait(Int32 millisecondsTimeout, CancellationToken cancellationToken)
   在 FluentScheduler.JobManager.<>c.<RunJob>b__43_2(Action action)
   在 System.Collections.Generic.List`1.ForEach(Action`1 action)
   在 FluentScheduler.JobManager.<>c__DisplayClass43_0.<RunJob>b__1()
   在 System.Threading.Tasks.Task.InnerInvoke()
   在 System.Threading.Tasks.Task.Execute()
   在 System.Threading.Tasks.Task.ExecutionContextCallback(Object obj)
   在 System.Threading.ExecutionContext.RunInternal(ExecutionContext executionContext, ContextCallback callback, Object state, Boolean preserveSyncCtx)
   在 System.Threading.ExecutionContext.Run(ExecutionContext executionContext, ContextCallback callback, Object state, Boolean preserveSyncCtx)
   在 System.Threading.Tasks.Task.ExecuteWithThreadLocal(Task& currentTaskSlot)
   在 System.Threading.Tasks.Task.ExecuteEntry(Boolean bPreventDoubleExecution)
   在 System.Threading.Tasks.Task.System.Threading.IThreadPoolWorkItem.ExecuteWorkItem()
   在 System.Threading.ThreadPoolWorkQueue.Dispatch()
   在 System.Threading._ThreadPoolWaitCallback.PerformWaitCallback()

2018/5/16 22:19:04
未释放连接:   在 SmartFramework4v2.Data.DBConnectionBase`3..ctor(String ConnectionString)
   在 SmartFramework4v2.Data.DBConnectionBase`3..ctor()
   在 SmartFramework4v2.Data.SqlServer.DBConnection..ctor()
   在 MyJobByGps1.FluentScheduler.IJob.Execute()
   在 FluentScheduler.JobManager.<>c__12`1.<GetJobAction>b__12_0()
   在 System.Threading.Tasks.Task.InnerInvoke()
   在 System.Threading.Tasks.Task.Execute()
   在 System.Threading.Tasks.Task.ExecutionContextCallback(Object obj)
   在 System.Threading.ExecutionContext.RunInternal(ExecutionContext executionContext, ContextCallback callback, Object state, Boolean preserveSyncCtx)
   在 System.Threading.ExecutionContext.Run(ExecutionContext executionContext, ContextCallback callback, Object state, Boolean preserveSyncCtx)
   在 System.Threading.Tasks.Task.ExecuteWithThreadLocal(Task& currentTaskSlot)
   在 System.Threading.Tasks.Task.ExecuteEntry(Boolean bPreventDoubleExecution)
   在 System.Threading.Tasks.ThreadPoolTaskScheduler.TryExecuteTaskInline(Task task, Boolean taskWasPreviouslyQueued)
   在 System.Threading.Tasks.TaskScheduler.TryRunInline(Task task, Boolean taskWasPreviouslyQueued)
   在 System.Threading.Tasks.Task.WrappedTryRunInline()
   在 System.Threading.Tasks.Task.InternalWait(Int32 millisecondsTimeout, CancellationToken cancellationToken)
   在 System.Threading.Tasks.Task.Wait(Int32 millisecondsTimeout, CancellationToken cancellationToken)
   在 System.Threading.Tasks.Task.Wait()
   在 FluentScheduler.JobManager.<>c.<RunJob>b__43_2(Action action)
   在 System.Collections.Generic.List`1.ForEach(Action`1 action)
   在 FluentScheduler.JobManager.<>c__DisplayClass43_0.<RunJob>b__1()
   在 System.Threading.Tasks.Task.InnerInvoke()
   在 System.Threading.Tasks.Task.Execute()
   在 System.Threading.Tasks.Task.ExecutionContextCallback(Object obj)
   在 System.Threading.ExecutionContext.RunInternal(ExecutionContext executionContext, ContextCallback callback, Object state, Boolean preserveSyncCtx)
   在 System.Threading.ExecutionContext.Run(ExecutionContext executionContext, ContextCallback callback, Object state, Boolean preserveSyncCtx)
   在 System.Threading.Tasks.Task.ExecuteWithThreadLocal(Task& currentTaskSlot)
   在 System.Threading.Tasks.Task.ExecuteEntry(Boolean bPreventDoubleExecution)
   在 System.Threading.Tasks.Task.System.Threading.IThreadPoolWorkItem.ExecuteWorkItem()
   在 System.Threading.ThreadPoolWorkQueue.Dispatch()
   在 System.Threading._ThreadPoolWaitCallback.PerformWaitCallback()

2018/5/26 15:20:16
未释放连接:   在 SmartFramework4v2.Data.DBConnectionBase`3..ctor(String ConnectionString)
   在 SmartFramework4v2.Data.DBConnectionBase`3..ctor()
   在 SmartFramework4v2.Data.SqlServer.DBConnection..ctor()
   在 MyGpsDistanceJob.FluentScheduler.IJob.Execute()
   在 FluentScheduler.JobManager.<>c__12`1.<GetJobAction>b__12_0()
   在 System.Threading.Tasks.Task.InnerInvoke()
   在 System.Threading.Tasks.Task.Execute()
   在 System.Threading.Tasks.Task.ExecutionContextCallback(Object obj)
   在 System.Threading.ExecutionContext.RunInternal(ExecutionContext executionContext, ContextCallback callback, Object state, Boolean preserveSyncCtx)
   在 System.Threading.ExecutionContext.Run(ExecutionContext executionContext, ContextCallback callback, Object state, Boolean preserveSyncCtx)
   在 System.Threading.Tasks.Task.ExecuteWithThreadLocal(Task& currentTaskSlot)
   在 System.Threading.Tasks.Task.ExecuteEntry(Boolean bPreventDoubleExecution)
   在 System.Threading.Tasks.ThreadPoolTaskScheduler.TryExecuteTaskInline(Task task, Boolean taskWasPreviouslyQueued)
   在 System.Threading.Tasks.TaskScheduler.TryRunInline(Task task, Boolean taskWasPreviouslyQueued)
   在 System.Threading.Tasks.Task.WrappedTryRunInline()
   在 System.Threading.Tasks.Task.InternalWait(Int32 millisecondsTimeout, CancellationToken cancellationToken)
   在 System.Threading.Tasks.Task.Wait(Int32 millisecondsTimeout, CancellationToken cancellationToken)
   在 System.Threading.Tasks.Task.Wait()
   在 FluentScheduler.JobManager.<>c.<RunJob>b__43_2(Action action)
   在 System.Collections.Generic.List`1.ForEach(Action`1 action)
   在 FluentScheduler.JobManager.<>c__DisplayClass43_0.<RunJob>b__1()
   在 System.Threading.Tasks.Task.InnerInvoke()
   在 System.Threading.Tasks.Task.Execute()
   在 System.Threading.Tasks.Task.ExecutionContextCallback(Object obj)
   在 System.Threading.ExecutionContext.RunInternal(ExecutionContext executionContext, ContextCallback callback, Object state, Boolean preserveSyncCtx)
   在 System.Threading.ExecutionContext.Run(ExecutionContext executionContext, ContextCallback callback, Object state, Boolean preserveSyncCtx)
   在 System.Threading.Tasks.Task.ExecuteWithThreadLocal(Task& currentTaskSlot)
   在 System.Threading.Tasks.Task.ExecuteEntry(Boolean bPreventDoubleExecution)
   在 System.Threading.Tasks.Task.System.Threading.IThreadPoolWorkItem.ExecuteWorkItem()
   在 System.Threading.ThreadPoolWorkQueue.Dispatch()
   在 System.Threading._ThreadPoolWaitCallback.PerformWaitCallback()

2018/5/26 16:53:44
未释放连接:   在 SmartFramework4v2.Data.DBConnectionBase`3..ctor(String ConnectionString)
   在 SmartFramework4v2.Data.SqlServer.DBConnection..ctor()
   在 MyJobByGps1.FluentScheduler.IJob.Execute()
   在 FluentScheduler.JobManager.<>c__12`1.<GetJobAction>b__12_0()
   在 System.Threading.Tasks.Task.InnerInvoke()
   在 System.Threading.Tasks.Task.Execute()
   在 System.Threading.Tasks.Task.ExecutionContextCallback(Object obj)
   在 System.Threading.ExecutionContext.RunInternal(ExecutionContext executionContext, ContextCallback callback, Object state, Boolean preserveSyncCtx)
   在 System.Threading.ExecutionContext.Run(ExecutionContext executionContext, ContextCallback callback, Object state, Boolean preserveSyncCtx)
   在 System.Threading.Tasks.Task.ExecuteWithThreadLocal(Task& currentTaskSlot)
   在 System.Threading.Tasks.Task.ExecuteEntry(Boolean bPreventDoubleExecution)
   在 System.Threading.Tasks.ThreadPoolTaskScheduler.TryExecuteTaskInline(Task task, Boolean taskWasPreviouslyQueued)
   在 System.Threading.Tasks.TaskScheduler.TryRunInline(Task task, Boolean taskWasPreviouslyQueued)
   在 System.Threading.Tasks.Task.WrappedTryRunInline()
   在 System.Threading.Tasks.Task.InternalWait(Int32 millisecondsTimeout, CancellationToken cancellationToken)
   在 System.Threading.Tasks.Task.Wait(Int32 millisecondsTimeout, CancellationToken cancellationToken)
   在 FluentScheduler.JobManager.<>c.<RunJob>b__43_2(Action action)
   在 System.Collections.Generic.List`1.ForEach(Action`1 action)
   在 FluentScheduler.JobManager.<>c__DisplayClass43_0.<RunJob>b__1()
   在 System.Threading.Tasks.Task.InnerInvoke()
   在 System.Threading.Tasks.Task.Execute()
   在 System.Threading.Tasks.Task.ExecutionContextCallback(Object obj)
   在 System.Threading.ExecutionContext.RunInternal(ExecutionContext executionContext, ContextCallback callback, Object state, Boolean preserveSyncCtx)
   在 System.Threading.ExecutionContext.Run(ExecutionContext executionContext, ContextCallback callback, Object state, Boolean preserveSyncCtx)
   在 System.Threading.Tasks.Task.ExecuteWithThreadLocal(Task& currentTaskSlot)
   在 System.Threading.Tasks.Task.ExecuteEntry(Boolean bPreventDoubleExecution)
   在 System.Threading.Tasks.Task.System.Threading.IThreadPoolWorkItem.ExecuteWorkItem()
   在 System.Threading.ThreadPoolWorkQueue.Dispatch()
   在 System.Threading._ThreadPoolWaitCallback.PerformWaitCallback()

